<?xml version="1.0" encoding="UTF-8"?>
<!-- Generated by org.testng.reporters.JUnitReportReporter -->
<testsuite hostname="Dt0074" name="VIA_Sanity_Scripts.VIA_Import_Test" tests="6" failures="0" timestamp="6 Feb 2020 13:26:09 GMT" time="25.470" errors="0">
  <testcase name="grouptemplates_Import" time="0.004" classname="VIA_Sanity_Scripts.VIA_Import_Test"/>
  <testcase name="membership_Import" time="0.003" classname="VIA_Sanity_Scripts.VIA_Import_Test"/>
  <testcase name="go_to_Import" time="1.845" classname="VIA_Sanity_Scripts.VIA_Import_Test"/>
  <testcase name="users_Import" time="6.480" classname="VIA_Sanity_Scripts.VIA_Import_Test"/>
  <testcase name="groups_Import" time="0.006" classname="VIA_Sanity_Scripts.VIA_Import_Test"/>
  <testcase name="hierachy_Import" time="17.132" classname="VIA_Sanity_Scripts.VIA_Import_Test"/>
</testsuite> <!-- VIA_Sanity_Scripts.VIA_Import_Test -->
